<?xml version="1.0" encoding="UTF-8"?>
<!-- Generated by org.testng.reporters.JUnitXMLReporter -->
<testsuite ignored="0" hostname="Morgan-QA12L" failures="1" tests="5" name="Test" time="184.226" errors="0" timestamp="2023-08-24T11:45:56 IST">
  <testcase classname="com.TestExecution.SmokeTest" name="Test01" time="24.245"/>
  <testcase classname="com.TestExecution.SmokeTest" name="Test02" time="28.458"/>
  <testcase classname="com.TestExecution.SmokeTest" name="Test03" time="12.368">
    <failure type="org.openqa.selenium.StaleElementReferenceException" message="The element &amp;apos;By.id: us.zoom.videomeetings:id/btnBack&amp;apos; does not exist in DOM anymore
For documentation on this error, please visit: https://www.seleniumhq.org/exceptions/stale_element_reference.html
Build info: version: &amp;apos;3.141.59&amp;apos;, revision: &amp;apos;e82be7d358&amp;apos;, time: &amp;apos;2018-11-14T08:17:03&amp;apos;
System info: host: &amp;apos;MORGAN-QA12L&amp;apos;, ip: &amp;apos;10.10.6.214&amp;apos;, os.name: &amp;apos;Windows 10&amp;apos;, os.arch: &amp;apos;amd64&amp;apos;, os.version: &amp;apos;10.0&amp;apos;, java.version: &amp;apos;17.0.5&amp;apos;
Driver info: io.appium.java_client.android.AndroidDriver
Capabilities {app: D:\Zoom\Zoom - One Platform..., appActivity: com.zipow.videobox.Launcher..., appPackage: us.zoom.videomeetings, automationName: UiAutomator2, databaseEnabled: false, desired: {app: D:\Zoom\Zoom - One Platform..., appActivity: com.zipow.videobox.Launcher..., appPackage: us.zoom.videomeetings, automationName: UiAutomator2, deviceName: Android, newCommandTimeout: 10, platformName: android, platformVersion: 12, udid: emulator-5554}, deviceApiLevel: 31, deviceManufacturer: Google, deviceModel: sdk_gphone64_x86_64, deviceName: emulator-5554, deviceScreenDensity: 440, deviceScreenSize: 1080x2160, deviceUDID: emulator-5554, javascriptEnabled: true, locationContextEnabled: false, networkConnectionEnabled: true, newCommandTimeout: 10, pixelRatio: 2.75, platform: LINUX, platformName: Android, platformVersion: 12, statBarHeight: 66, takesScreenshot: true, udid: emulator-5554, viewportRect: {height: 1962, left: 0, top: 66, width: 1080}, warnings: {}, webStorageEnabled: false}
Session ID: ec086743-e1b9-41e2-83e5-9b3843e1b653">
      <![CDATA[org.openqa.selenium.StaleElementReferenceException: The element 'By.id: us.zoom.videomeetings:id/btnBack' does not exist in DOM anymore
For documentation on this error, please visit: https://www.seleniumhq.org/exceptions/stale_element_reference.html
Build info: version: '3.141.59', revision: 'e82be7d358', time: '2018-11-14T08:17:03'
System info: host: 'MORGAN-QA12L', ip: '10.10.6.214', os.name: 'Windows 10', os.arch: 'amd64', os.version: '10.0', java.version: '17.0.5'
Driver info: io.appium.java_client.android.AndroidDriver
Capabilities {app: D:\Zoom\Zoom - One Platform..., appActivity: com.zipow.videobox.Launcher..., appPackage: us.zoom.videomeetings, automationName: UiAutomator2, databaseEnabled: false, desired: {app: D:\Zoom\Zoom - One Platform..., appActivity: com.zipow.videobox.Launcher..., appPackage: us.zoom.videomeetings, automationName: UiAutomator2, deviceName: Android, newCommandTimeout: 10, platformName: android, platformVersion: 12, udid: emulator-5554}, deviceApiLevel: 31, deviceManufacturer: Google, deviceModel: sdk_gphone64_x86_64, deviceName: emulator-5554, deviceScreenDensity: 440, deviceScreenSize: 1080x2160, deviceUDID: emulator-5554, javascriptEnabled: true, locationContextEnabled: false, networkConnectionEnabled: true, newCommandTimeout: 10, pixelRatio: 2.75, platform: LINUX, platformName: Android, platformVersion: 12, statBarHeight: 66, takesScreenshot: true, udid: emulator-5554, viewportRect: {height: 1962, left: 0, top: 66, width: 1080}, warnings: {}, webStorageEnabled: false}
Session ID: ec086743-e1b9-41e2-83e5-9b3843e1b653
at org.openqa.selenium.remote.http.W3CHttpResponseCodec.createException(W3CHttpResponseCodec.java:187)
at org.openqa.selenium.remote.http.W3CHttpResponseCodec.decode(W3CHttpResponseCodec.java:122)
at org.openqa.selenium.remote.http.W3CHttpResponseCodec.decode(W3CHttpResponseCodec.java:49)
at org.openqa.selenium.remote.HttpCommandExecutor.execute(HttpCommandExecutor.java:158)
at io.appium.java_client.remote.AppiumCommandExecutor.execute(AppiumCommandExecutor.java:247)
at org.openqa.selenium.remote.RemoteWebDriver.execute(RemoteWebDriver.java:552)
at io.appium.java_client.DefaultGenericMobileDriver.execute(DefaultGenericMobileDriver.java:41)
at io.appium.java_client.AppiumDriver.execute(AppiumDriver.java:1)
at io.appium.java_client.android.AndroidDriver.execute(AndroidDriver.java:1)
at org.openqa.selenium.remote.RemoteWebElement.execute(RemoteWebElement.java:285)
at io.appium.java_client.DefaultGenericMobileElement.execute(DefaultGenericMobileElement.java:45)
at io.appium.java_client.MobileElement.execute(MobileElement.java:1)
at io.appium.java_client.android.AndroidElement.execute(AndroidElement.java:1)
at org.openqa.selenium.remote.RemoteWebElement.isDisplayed(RemoteWebElement.java:326)
at org.openqa.selenium.support.pagefactory.internal.LocatingElementHandler.invoke(LocatingElementHandler.java:51)
at jdk.proxy2/jdk.proxy2.$Proxy30.isDisplayed(Unknown Source)
at org.openqa.selenium.support.ui.ExpectedConditions.elementIfVisible(ExpectedConditions.java:314)
at org.openqa.selenium.support.ui.ExpectedConditions.access$000(ExpectedConditions.java:43)
at org.openqa.selenium.support.ui.ExpectedConditions$10.apply(ExpectedConditions.java:300)
at org.openqa.selenium.support.ui.ExpectedConditions$10.apply(ExpectedConditions.java:297)
at org.openqa.selenium.support.ui.FluentWait.until(FluentWait.java:249)
at com.POMPages.VerificationPage.backButton(VerificationPage.java:24)
at com.TestExecution.SmokeTest.Test03(SmokeTest.java:111)
at java.base/java.util.ArrayList.forEach(ArrayList.java:1511)
... Removed 35 stack frames]]>
    </failure>
  </testcase> <!-- Test03 -->
  <testcase classname="com.TestExecution.SmokeTest" name="Test04" time="28.216"/>
  <testcase classname="com.TestExecution.SmokeTest" name="Test05" time="27.987"/>
</testsuite> <!-- Test -->
